c:\users\cpaduraru\dropbox\work in progress\csp\consoleapplication1\debug\vc141.pdb
c:\users\cpaduraru\dropbox\work in progress\csp\consoleapplication1\debug\vc141.idb
c:\users\cpaduraru\dropbox\work in progress\csp\consoleapplication1\debug\selecttest.obj
c:\users\cpaduraru\dropbox\work in progress\csp\consoleapplication1\debug\channeltest_bounded.obj
c:\users\cpaduraru\dropbox\work in progress\csp\consoleapplication1\debug\producerconsumerboundedtest.obj
c:\users\cpaduraru\dropbox\work in progress\csp\consoleapplication1\debug\utils.obj
c:\users\cpaduraru\dropbox\work in progress\csp\consoleapplication1\debug\cspplayground.exe
c:\users\cpaduraru\dropbox\work in progress\csp\consoleapplication1\debug\cspplayground.ilk
c:\users\cpaduraru\dropbox\work in progress\csp\consoleapplication1\debug\cspplayground.pdb
c:\users\cpaduraru\dropbox\work in progress\csp\consoleapplication1\debug\boundedchanneltest.obj
c:\users\cpaduraru\dropbox\work in progress\csp\consoleapplication1\debug\semaphoretest.obj
c:\users\cpaduraru\dropbox\work in progress\csp\consoleapplication1\debug\cspplayground.tlog\cl.command.1.tlog
c:\users\cpaduraru\dropbox\work in progress\csp\consoleapplication1\debug\cspplayground.tlog\cl.read.1.tlog
c:\users\cpaduraru\dropbox\work in progress\csp\consoleapplication1\debug\cspplayground.tlog\cl.write.1.tlog
c:\users\cpaduraru\dropbox\work in progress\csp\consoleapplication1\debug\cspplayground.tlog\link.75760-cvtres.read.1.tlog
c:\users\cpaduraru\dropbox\work in progress\csp\consoleapplication1\debug\cspplayground.tlog\link.75760-cvtres.write.1.tlog
c:\users\cpaduraru\dropbox\work in progress\csp\consoleapplication1\debug\cspplayground.tlog\link.75760-rc.read.1.tlog
c:\users\cpaduraru\dropbox\work in progress\csp\consoleapplication1\debug\cspplayground.tlog\link.75760-rc.write.1.tlog
c:\users\cpaduraru\dropbox\work in progress\csp\consoleapplication1\debug\cspplayground.tlog\link.75760.read.1.tlog
c:\users\cpaduraru\dropbox\work in progress\csp\consoleapplication1\debug\cspplayground.tlog\link.75760.write.1.tlog
c:\users\cpaduraru\dropbox\work in progress\csp\consoleapplication1\debug\cspplayground.tlog\link.command.1.tlog
c:\users\cpaduraru\dropbox\work in progress\csp\consoleapplication1\debug\cspplayground.tlog\link.read.1.tlog
c:\users\cpaduraru\dropbox\work in progress\csp\consoleapplication1\debug\cspplayground.tlog\link.write.1.tlog
